<?xml version="1.0" encoding="UTF-8"?>
<!-- Generated by org.testng.reporters.JUnitReportReporter -->
<testsuite hostname="Rithikas-MBP.lan" failures="0" tests="1" name="testngorder.NewTest" time="14.356" errors="0" timestamp="2025-01-10T10:26:50 GMT-06:00" skipped="0">
  <testcase classname="testngorder.NewTest" name="f" time="14.356"/>
  <system-out/>
</testsuite> <!-- testngorder.NewTest -->
