<?xml version="1.0" encoding="UTF-8"?>
<!-- Generated by org.testng.reporters.JUnitReportReporter -->
<testsuite hostname="Rithikas-MacBook-Pro.local" failures="0" tests="6" name="testngorder.testNg_ignore" time="53.308" errors="0" timestamp="2025-01-17T16:38:32 GMT-06:00" skipped="2">
  <testcase classname="testngorder.testNg_ignore" name="seleniumdev" time="3.668"/>
  <system-out/>
  <testcase classname="testngorder.testNg_ignore" name="techlearn" time="23.328"/>
  <system-out/>
  <testcase classname="testngorder.testNg_ignore" name="google" time="24.951"/>
  <system-out/>
  <testcase classname="testngorder.testNg_ignore" name="twitter" time="1.361"/>
  <system-out/>
  <testcase classname="testngorder.testNg_ignore" name="facebook">
    <skipped/>
  </testcase> <!-- facebook -->
  <system-out/>
  <testcase classname="testngorder.testNg_ignore" name="redmine">
    <skipped/>
  </testcase> <!-- redmine -->
  <system-out/>
</testsuite> <!-- testngorder.testNg_ignore -->
