<?xml version="1.0" encoding="UTF-8"?>
<!-- Generated by org.testng.reporters.JUnitReportReporter -->
<testsuite hostname="Rithikas-MacBook-Pro.local" failures="0" tests="2" name="testngorder.testNg_depends_on" time="24.624" errors="0" timestamp="2025-01-18T11:45:25 GMT-06:00" skipped="0">
  <testcase classname="testngorder.testNg_depends_on" name="tc1" time="5.362"/>
  <system-out/>
  <testcase classname="testngorder.testNg_depends_on" name="tc2" time="19.262"/>
  <system-out/>
</testsuite> <!-- testngorder.testNg_depends_on -->
