<?xml version="1.0" encoding="UTF-8"?>
<!-- Generated by org.testng.reporters.JUnitReportReporter -->
<testsuite hostname="Rithikas-MacBook-Pro.local" failures="0" tests="4" name="testngorder.testNg_Innvocationcount" time="87.603" errors="0" timestamp="2025-01-20T20:54:31 GMT-06:00" skipped="0">
  <testcase classname="testngorder.testNg_Innvocationcount" name="tc2" time="10.752"/>
  <system-out/>
  <testcase classname="testngorder.testNg_Innvocationcount" name="tc1" time="23.004"/>
  <system-out/>
  <testcase classname="testngorder.testNg_Innvocationcount" name="tc1" time="30.898"/>
  <system-out/>
  <testcase classname="testngorder.testNg_Innvocationcount" name="tc1" time="22.949"/>
  <system-out/>
</testsuite> <!-- testngorder.testNg_Innvocationcount -->
