<?xml version="1.0" encoding="UTF-8"?>
<!-- Generated by org.testng.reporters.JUnitReportReporter -->
<testsuite hostname="Rithikas-MacBook-Pro.local" failures="0" tests="4" name="sample.Innvocationcount" time="89.956" errors="0" timestamp="2025-01-21T14:45:46 GMT-06:00" skipped="0">
  <testcase classname="sample.Innvocationcount" name="tc1" time="22.811"/>
  <system-out/>
  <testcase classname="sample.Innvocationcount" name="tc2" time="10.489"/>
  <system-out/>
  <testcase classname="sample.Innvocationcount" name="tc1" time="32.671"/>
  <system-out/>
  <testcase classname="sample.Innvocationcount" name="tc1" time="23.985"/>
  <system-out/>
</testsuite> <!-- sample.Innvocationcount -->
