<?xml version="1.0" encoding="UTF-8"?>
<!-- Generated by org.testng.reporters.JUnitReportReporter -->
<testsuite hostname="Rithikas-MacBook-Pro.local" failures="0" tests="1" name="alertpopup.alretTest" time="11.596" errors="0" timestamp="2025-01-21T20:16:02 GMT-06:00" skipped="0">
  <testcase classname="alertpopup.alretTest" name="alertpromptbutton" time="11.596"/>
  <system-out/>
</testsuite> <!-- alertpopup.alretTest -->
