<?xml version="1.0" encoding="UTF-8"?>
<!-- Generated by org.testng.reporters.JUnitReportReporter -->
<testsuite hostname="Rithikas-MacBook-Pro.local" failures="0" tests="1" name="actionclassfeatures.RCDCDDMHK" time="6.097" errors="0" timestamp="2025-01-22T16:25:40 GMT-06:00" skipped="0">
  <testcase classname="actionclassfeatures.RCDCDDMHK" name="keyboardfunctions" time="6.097"/>
  <system-out/>
</testsuite> <!-- actionclassfeatures.RCDCDDMHK -->
