<?xml version="1.0" encoding="UTF-8"?>
<!-- Generated by org.testng.reporters.JUnitReportReporter -->
<testsuite hostname="Rithikas-MacBook-Pro.local" failures="0" tests="6" name="testngorder.testNg_priority_order" time="67.307" errors="0" timestamp="2025-01-17T16:20:16 GMT-06:00" skipped="0">
  <testcase classname="testngorder.testNg_priority_order" name="seleniumdev" time="4.665"/>
  <system-out/>
  <testcase classname="testngorder.testNg_priority_order" name="redmine" time="21.442"/>
  <system-out/>
  <testcase classname="testngorder.testNg_priority_order" name="facebook" time="10.684"/>
  <system-out/>
  <testcase classname="testngorder.testNg_priority_order" name="techlearn" time="21.502"/>
  <system-out/>
  <testcase classname="testngorder.testNg_priority_order" name="google" time="7.822"/>
  <system-out/>
  <testcase classname="testngorder.testNg_priority_order" name="twitter" time="1.192"/>
  <system-out/>
</testsuite> <!-- testngorder.testNg_priority_order -->
