<?xml version="1.0" encoding="UTF-8"?>
<!-- Generated by org.testng.reporters.JUnitReportReporter -->
<testsuite hostname="Rithikas-MacBook-Pro.local" failures="0" tests="6" name="testngorder.testNg_Execution_order" time="74.293" errors="0" timestamp="2025-01-17T16:15:12 GMT-06:00" skipped="0">
  <testcase classname="testngorder.testNg_Execution_order" name="facebook" time="11.405"/>
  <system-out/>
  <testcase classname="testngorder.testNg_Execution_order" name="google" time="12.161"/>
  <system-out/>
  <testcase classname="testngorder.testNg_Execution_order" name="twitter" time="3.663"/>
  <system-out/>
  <testcase classname="testngorder.testNg_Execution_order" name="redmine" time="18.756"/>
  <system-out/>
  <testcase classname="testngorder.testNg_Execution_order" name="techlearn" time="24.170"/>
  <system-out/>
  <testcase classname="testngorder.testNg_Execution_order" name="seleniumdev" time="4.138"/>
  <system-out/>
</testsuite> <!-- testngorder.testNg_Execution_order -->
